DROW_ELITE VS DISPLACER_BEAST, Set 15, Combat commence! 
ROLL FOR INITIATIVE!
Rolling 1 D20's with 4 modifier. 
Rolling 1 D20's with 2 modifier. 
DROW_ELITE won the initiative with a 9 against DISPLACER_BEAST's 4. 
Round 1. 
DROW_ELITE's turn. 
DROW_ELITE makes attack number 1. 
Rolling 1 D20's with 7 modifier. 
DROW_ELITE rolled 25 to hit DISPLACER_BEAST. They make contact! 
Rolling 4 D6's with 4 modifier. 
They dealt 18 damage. 
DROW_ELITE makes attack number 2. 
Rolling 1 D20's with 7 modifier. 
DROW_ELITE rolled 20 to hit DISPLACER_BEAST. They make contact! 
Rolling 4 D6's with 4 modifier. 
They dealt 17 damage. 
Round 1. 
DISPLACER_BEAST's turn. 
DISPLACER_BEAST makes attack number 1. 
Rolling 1 D20's with 6 modifier. 
DISPLACER_BEAST rolled 8 to hit DROW_ELITE. They miss. 
DISPLACER_BEAST makes attack number 2. 
Rolling 1 D20's with 6 modifier. 
DISPLACER_BEAST rolled 20 to hit DROW_ELITE. They make contact! 
Rolling 4 D6's with 4 modifier. 
They dealt 20 damage. 
Round 2. 
DROW_ELITE's turn. 
DROW_ELITE makes attack number 1. 
Rolling 1 D20's with 7 modifier. 
DROW_ELITE rolled 11 to hit DISPLACER_BEAST. They miss. 
DROW_ELITE makes attack number 2. 
Rolling 1 D20's with 7 modifier. 
DROW_ELITE rolled 15 to hit DISPLACER_BEAST. They make contact! 
Rolling 4 D6's with 4 modifier. 
They dealt 19 damage. 
Round 2. 
DISPLACER_BEAST's turn. 
DISPLACER_BEAST makes attack number 1. 
Rolling 1 D20's with 6 modifier. 
DISPLACER_BEAST rolled 20 to hit DROW_ELITE. They make contact! 
Rolling 4 D6's with 4 modifier. 
They dealt 19 damage. 
DISPLACER_BEAST makes attack number 2. 
Rolling 1 D20's with 6 modifier. 
DISPLACER_BEAST rolled 13 to hit DROW_ELITE. They miss. 
Round 3. 
DROW_ELITE's turn. 
DROW_ELITE makes attack number 1. 
Rolling 1 D20's with 7 modifier. 
DROW_ELITE rolled 14 to hit DISPLACER_BEAST. They make contact! 
Rolling 4 D6's with 4 modifier. 
They dealt 17 damage. 
DROW_ELITE makes attack number 2. 
Rolling 1 D20's with 7 modifier. 
DROW_ELITE rolled 22 to hit DISPLACER_BEAST. They make contact! 
Rolling 4 D6's with 4 modifier. 
They dealt 13 damage. 
Round 3. 
DISPLACER_BEAST's turn. 
DISPLACER_BEAST makes attack number 1. 
Rolling 1 D20's with 6 modifier. 
DISPLACER_BEAST rolled 13 to hit DROW_ELITE. They miss. 
DISPLACER_BEAST makes attack number 2. 
Rolling 1 D20's with 6 modifier. 
DISPLACER_BEAST rolled 13 to hit DROW_ELITE. They miss. 
Round 4. 
DROW_ELITE's turn. 
DROW_ELITE makes attack number 1. 
Rolling 1 D20's with 7 modifier. 
DROW_ELITE rolled 20 to hit DISPLACER_BEAST. They make contact! 
Rolling 4 D6's with 4 modifier. 
They dealt 21 damage. 
DROW_ELITE makes attack number 2. 
Rolling 1 D20's with 7 modifier. 
DROW_ELITE rolled 23 to hit DISPLACER_BEAST. They make contact! 
Rolling 4 D6's with 4 modifier. 
They dealt 21 damage. 
Combat over.
DROW_ELITE wins the fight! 
It survived with 32 HP left. 
This result took 4 rounds of combat (total of 7 turns) to approach. 
DROW_ELITE dealt a total of 126 damage across 7 attacks hit. 
DISPLACER_BEAST dealt a total of 39 damage across 2 attacks hit. 
Elapsed time is 65.650989 seconds.
