DROW_ELITE VS DISPLACER_BEAST, Set 9, Combat commence! 
ROLL FOR INITIATIVE!
Rolling 1 D20's with 4 modifier. 
Rolling 1 D20's with 2 modifier. 
DROW_ELITE won the initiative with a 7 against DISPLACER_BEAST's 6. 
Round 1. 
DROW_ELITE's turn. 
DROW_ELITE makes attack number 1. 
Rolling 1 D20's with 7 modifier. 
DROW_ELITE rolled 21 to hit DISPLACER_BEAST. They make contact! 
Rolling 4 D6's with 4 modifier. 
They dealt 14 damage. 
DROW_ELITE makes attack number 2. 
Rolling 1 D20's with 7 modifier. 
DROW_ELITE rolled 9 to hit DISPLACER_BEAST. They miss. 
Round 1. 
DISPLACER_BEAST's turn. 
DISPLACER_BEAST makes attack number 1. 
Rolling 1 D20's with 6 modifier. 
DISPLACER_BEAST rolled 23 to hit DROW_ELITE. They make contact! 
Rolling 4 D6's with 4 modifier. 
They dealt 22 damage. 
DISPLACER_BEAST makes attack number 2. 
Rolling 1 D20's with 6 modifier. 
DISPLACER_BEAST rolled 22 to hit DROW_ELITE. They make contact! 
Rolling 4 D6's with 4 modifier. 
They dealt 21 damage. 
Round 2. 
DROW_ELITE's turn. 
DROW_ELITE makes attack number 1. 
Rolling 1 D20's with 7 modifier. 
DROW_ELITE rolled 20 to hit DISPLACER_BEAST. They make contact! 
Rolling 4 D6's with 4 modifier. 
They dealt 22 damage. 
DROW_ELITE makes attack number 2. 
Rolling 1 D20's with 7 modifier. 
DROW_ELITE rolled 12 to hit DISPLACER_BEAST. They miss. 
Round 2. 
DISPLACER_BEAST's turn. 
DISPLACER_BEAST makes attack number 1. 
Rolling 1 D20's with 6 modifier. 
DISPLACER_BEAST rolled 16 to hit DROW_ELITE. They miss. 
DISPLACER_BEAST makes attack number 2. 
Rolling 1 D20's with 6 modifier. 
DISPLACER_BEAST rolled 24 to hit DROW_ELITE. They make contact! 
Rolling 4 D6's with 4 modifier. 
They dealt 22 damage. 
Round 3. 
DROW_ELITE's turn. 
DROW_ELITE makes attack number 1. 
Rolling 1 D20's with 7 modifier. 
DROW_ELITE rolled 13 to hit DISPLACER_BEAST. They make contact! 
Rolling 4 D6's with 4 modifier. 
They dealt 17 damage. 
DROW_ELITE makes attack number 2. 
Rolling 1 D20's with 7 modifier. 
DROW_ELITE rolled 22 to hit DISPLACER_BEAST. They make contact! 
Rolling 4 D6's with 4 modifier. 
They dealt 24 damage. 
Round 3. 
DISPLACER_BEAST's turn. 
DISPLACER_BEAST makes attack number 1. 
Rolling 1 D20's with 6 modifier. 
DISPLACER_BEAST rolled 25 to hit DROW_ELITE. They make contact! 
Rolling 4 D6's with 4 modifier. 
They dealt 16 damage. 
DISPLACER_BEAST makes attack number 2. 
Rolling 1 D20's with 6 modifier. 
DISPLACER_BEAST rolled 16 to hit DROW_ELITE. They miss. 
Combat over.
DISPLACER_BEAST wins the fight! 
It survived with 8 HP left. 
This result took 4 rounds of combat (total of 6 turns) to approach. 
DROW_ELITE dealt a total of 77 damage across 4 attacks hit. 
DISPLACER_BEAST dealt a total of 81 damage across 4 attacks hit. 
Elapsed time is 58.071509 seconds.
