DROW_ELITE VS DISPLACER_BEAST, Set 24, Combat commence! 
ROLL FOR INITIATIVE!
Rolling 1 D20's with 4 modifier. 
Rolling 1 D20's with 2 modifier. 
DROW_ELITE won the initiative with a 16 against DISPLACER_BEAST's 14. 
Round 1. 
DROW_ELITE's turn. 
DROW_ELITE makes attack number 1. 
Rolling 1 D20's with 7 modifier. 
DROW_ELITE rolled 11 to hit DISPLACER_BEAST. They miss. 
DROW_ELITE makes attack number 2. 
Rolling 1 D20's with 7 modifier. 
DROW_ELITE rolled 25 to hit DISPLACER_BEAST. They make contact! 
Rolling 4 D6's with 4 modifier. 
They dealt 19 damage. 
Round 1. 
DISPLACER_BEAST's turn. 
DISPLACER_BEAST makes attack number 1. 
Rolling 1 D20's with 6 modifier. 
DISPLACER_BEAST rolled 24 to hit DROW_ELITE. They make contact! 
Rolling 4 D6's with 4 modifier. 
They dealt 16 damage. 
DISPLACER_BEAST makes attack number 2. 
Rolling 1 D20's with 6 modifier. 
DISPLACER_BEAST rolled 15 to hit DROW_ELITE. They miss. 
Round 2. 
DROW_ELITE's turn. 
DROW_ELITE makes attack number 1. 
Rolling 1 D20's with 7 modifier. 
DROW_ELITE rolled 13 to hit DISPLACER_BEAST. They make contact! 
Rolling 4 D6's with 4 modifier. 
They dealt 21 damage. 
DROW_ELITE makes attack number 2. 
Rolling 1 D20's with 7 modifier. 
DROW_ELITE rolled 15 to hit DISPLACER_BEAST. They make contact! 
Rolling 4 D6's with 4 modifier. 
They dealt 20 damage. 
Round 2. 
DISPLACER_BEAST's turn. 
DISPLACER_BEAST makes attack number 1. 
Rolling 1 D20's with 6 modifier. 
DISPLACER_BEAST rolled 18 to hit DROW_ELITE. They make contact! 
Rolling 4 D6's with 4 modifier. 
They dealt 20 damage. 
DISPLACER_BEAST makes attack number 2. 
Rolling 1 D20's with 6 modifier. 
DISPLACER_BEAST rolled 21 to hit DROW_ELITE. They make contact! 
Rolling 4 D6's with 4 modifier. 
They dealt 15 damage. 
Round 3. 
DROW_ELITE's turn. 
DROW_ELITE makes attack number 1. 
Rolling 1 D20's with 7 modifier. 
DROW_ELITE rolled 10 to hit DISPLACER_BEAST. They miss. 
DROW_ELITE makes attack number 2. 
Rolling 1 D20's with 7 modifier. 
DROW_ELITE rolled 23 to hit DISPLACER_BEAST. They make contact! 
Rolling 4 D6's with 4 modifier. 
They dealt 15 damage. 
Round 3. 
DISPLACER_BEAST's turn. 
DISPLACER_BEAST makes attack number 1. 
Rolling 1 D20's with 6 modifier. 
DISPLACER_BEAST rolled 17 to hit DROW_ELITE. They miss. 
DISPLACER_BEAST makes attack number 2. 
Rolling 1 D20's with 6 modifier. 
DISPLACER_BEAST rolled 18 to hit DROW_ELITE. They make contact! 
Rolling 4 D6's with 4 modifier. 
They dealt 18 damage. 
Round 4. 
DROW_ELITE's turn. 
DROW_ELITE makes attack number 1. 
Rolling 1 D20's with 7 modifier. 
DROW_ELITE rolled 26 to hit DISPLACER_BEAST. They make contact! 
Rolling 4 D6's with 4 modifier. 
They dealt 19 damage. 
DROW_ELITE makes attack number 2. 
Rolling 1 D20's with 7 modifier. 
DROW_ELITE rolled 9 to hit DISPLACER_BEAST. They miss. 
Combat over.
DROW_ELITE wins the fight! 
It survived with 2 HP left. 
This result took 4 rounds of combat (total of 7 turns) to approach. 
DROW_ELITE dealt a total of 94 damage across 5 attacks hit. 
DISPLACER_BEAST dealt a total of 69 damage across 4 attacks hit. 
Elapsed time is 65.652185 seconds.
