DROW_ELITE VS DISPLACER_BEAST, Set 25, Combat commence! 
ROLL FOR INITIATIVE!
Rolling 1 D20's with 4 modifier. 
Rolling 1 D20's with 2 modifier. 
DROW_ELITE won the initiative with a 7 against DISPLACER_BEAST's 6. 
Round 1. 
DROW_ELITE's turn. 
DROW_ELITE makes attack number 1. 
Rolling 1 D20's with 7 modifier. 
DROW_ELITE rolled 14 to hit DISPLACER_BEAST. They make contact! 
Rolling 4 D6's with 4 modifier. 
They dealt 13 damage. 
DROW_ELITE makes attack number 2. 
Rolling 1 D20's with 7 modifier. 
DROW_ELITE rolled 11 to hit DISPLACER_BEAST. They miss. 
Round 1. 
DISPLACER_BEAST's turn. 
DISPLACER_BEAST makes attack number 1. 
Rolling 1 D20's with 6 modifier. 
DISPLACER_BEAST rolled 19 to hit DROW_ELITE. They make contact! 
Rolling 4 D6's with 4 modifier. 
They dealt 25 damage. 
DISPLACER_BEAST makes attack number 2. 
Rolling 1 D20's with 6 modifier. 
DISPLACER_BEAST rolled 18 to hit DROW_ELITE. They make contact! 
Rolling 4 D6's with 4 modifier. 
They dealt 17 damage. 
Round 2. 
DROW_ELITE's turn. 
DROW_ELITE makes attack number 1. 
Rolling 1 D20's with 7 modifier. 
DROW_ELITE rolled 9 to hit DISPLACER_BEAST. They miss. 
DROW_ELITE makes attack number 2. 
Rolling 1 D20's with 7 modifier. 
DROW_ELITE rolled 25 to hit DISPLACER_BEAST. They make contact! 
Rolling 4 D6's with 4 modifier. 
They dealt 16 damage. 
Round 2. 
DISPLACER_BEAST's turn. 
DISPLACER_BEAST makes attack number 1. 
Rolling 1 D20's with 6 modifier. 
DISPLACER_BEAST rolled 19 to hit DROW_ELITE. They make contact! 
Rolling 4 D6's with 4 modifier. 
They dealt 22 damage. 
DISPLACER_BEAST makes attack number 2. 
Rolling 1 D20's with 6 modifier. 
DISPLACER_BEAST rolled 12 to hit DROW_ELITE. They miss. 
Round 3. 
DROW_ELITE's turn. 
DROW_ELITE makes attack number 1. 
Rolling 1 D20's with 7 modifier. 
DROW_ELITE rolled 25 to hit DISPLACER_BEAST. They make contact! 
Rolling 4 D6's with 4 modifier. 
They dealt 21 damage. 
DROW_ELITE makes attack number 2. 
Rolling 1 D20's with 7 modifier. 
DROW_ELITE rolled 18 to hit DISPLACER_BEAST. They make contact! 
Rolling 4 D6's with 4 modifier. 
They dealt 18 damage. 
Round 3. 
DISPLACER_BEAST's turn. 
DISPLACER_BEAST makes attack number 1. 
Rolling 1 D20's with 6 modifier. 
DISPLACER_BEAST rolled 19 to hit DROW_ELITE. They make contact! 
Rolling 4 D6's with 4 modifier. 
They dealt 20 damage. 
DISPLACER_BEAST makes attack number 2. 
Rolling 1 D20's with 6 modifier. 
DISPLACER_BEAST rolled 18 to hit DROW_ELITE. They make contact! 
Rolling 4 D6's with 4 modifier. 
They dealt 17 damage. 
Combat over.
DISPLACER_BEAST wins the fight! 
It survived with 17 HP left. 
This result took 4 rounds of combat (total of 6 turns) to approach. 
DROW_ELITE dealt a total of 68 damage across 4 attacks hit. 
DISPLACER_BEAST dealt a total of 101 damage across 5 attacks hit. 
Elapsed time is 59.622575 seconds.
