DROW_ELITE VS DISPLACER_BEAST, Set 12, Combat commence! 
ROLL FOR INITIATIVE!
Rolling 1 D20's with 4 modifier. 
Rolling 1 D20's with 2 modifier. 
DROW_ELITE won the initiative with a 16 against DISPLACER_BEAST's 6. 
Round 1. 
DROW_ELITE's turn. 
DROW_ELITE makes attack number 1. 
Rolling 1 D20's with 7 modifier. 
DROW_ELITE rolled 19 to hit DISPLACER_BEAST. They make contact! 
Rolling 4 D6's with 4 modifier. 
They dealt 15 damage. 
DROW_ELITE makes attack number 2. 
Rolling 1 D20's with 7 modifier. 
DROW_ELITE rolled 9 to hit DISPLACER_BEAST. They miss. 
Round 1. 
DISPLACER_BEAST's turn. 
DISPLACER_BEAST makes attack number 1. 
Rolling 1 D20's with 6 modifier. 
DISPLACER_BEAST rolled 12 to hit DROW_ELITE. They miss. 
DISPLACER_BEAST makes attack number 2. 
Rolling 1 D20's with 6 modifier. 
DISPLACER_BEAST rolled 8 to hit DROW_ELITE. They miss. 
Round 2. 
DROW_ELITE's turn. 
DROW_ELITE makes attack number 1. 
Rolling 1 D20's with 7 modifier. 
DROW_ELITE rolled 16 to hit DISPLACER_BEAST. They make contact! 
Rolling 4 D6's with 4 modifier. 
They dealt 13 damage. 
DROW_ELITE makes attack number 2. 
Rolling 1 D20's with 7 modifier. 
DROW_ELITE rolled 14 to hit DISPLACER_BEAST. They make contact! 
Rolling 4 D6's with 4 modifier. 
They dealt 18 damage. 
Round 2. 
DISPLACER_BEAST's turn. 
DISPLACER_BEAST makes attack number 1. 
Rolling 1 D20's with 6 modifier. 
DISPLACER_BEAST rolled 13 to hit DROW_ELITE. They miss. 
DISPLACER_BEAST makes attack number 2. 
Rolling 1 D20's with 6 modifier. 
DISPLACER_BEAST rolled 8 to hit DROW_ELITE. They miss. 
Round 3. 
DROW_ELITE's turn. 
DROW_ELITE makes attack number 1. 
Rolling 1 D20's with 7 modifier. 
DROW_ELITE rolled 14 to hit DISPLACER_BEAST. They make contact! 
Rolling 4 D6's with 4 modifier. 
They dealt 18 damage. 
DROW_ELITE makes attack number 2. 
Rolling 1 D20's with 7 modifier. 
DROW_ELITE rolled 10 to hit DISPLACER_BEAST. They miss. 
Round 3. 
DISPLACER_BEAST's turn. 
DISPLACER_BEAST makes attack number 1. 
Rolling 1 D20's with 6 modifier. 
DISPLACER_BEAST rolled 9 to hit DROW_ELITE. They miss. 
DISPLACER_BEAST makes attack number 2. 
Rolling 1 D20's with 6 modifier. 
DISPLACER_BEAST rolled 22 to hit DROW_ELITE. They make contact! 
Rolling 4 D6's with 4 modifier. 
They dealt 21 damage. 
Round 4. 
DROW_ELITE's turn. 
DROW_ELITE makes attack number 1. 
Rolling 1 D20's with 7 modifier. 
DROW_ELITE rolled 14 to hit DISPLACER_BEAST. They make contact! 
Rolling 4 D6's with 4 modifier. 
They dealt 13 damage. 
DROW_ELITE makes attack number 2. 
Rolling 1 D20's with 7 modifier. 
DROW_ELITE rolled 21 to hit DISPLACER_BEAST. They make contact! 
Rolling 4 D6's with 4 modifier. 
They dealt 22 damage. 
Combat over.
DROW_ELITE wins the fight! 
It survived with 50 HP left. 
This result took 4 rounds of combat (total of 7 turns) to approach. 
DROW_ELITE dealt a total of 99 damage across 6 attacks hit. 
DISPLACER_BEAST dealt a total of 21 damage across 1 attacks hit. 
Elapsed time is 62.558891 seconds.
