Awakened_Tree VS Knight, Set 13, Combat commence! 
ROLL FOR INITIATIVE!
Rolling 1 D20's with -2 modifier. 
Rolling 1 D20's with 0 modifier. 
Knight won the initiative with a 19 against Awakened_Tree's 7 . 
Round 1. 
Knight's turn. 
Knight makes attack number 1. 
Rolling 1 D20's with 5 modifier. 
Natural 20, automatic critical hit! Double damage dice
Rolling 4 D6's with 3 modifier. 
They dealt 16 damage. 
Knight makes attack number 2. 
Rolling 1 D20's with 5 modifier. 
Knight rolled 21 to hit Awakened_Tree. They make contact! 
Rolling 2 D6's with 3 modifier. 
They dealt 14 damage. 
Round 1. 
Awakened_Tree's turn. 
Awakened_Tree makes attack number 1. 
Rolling 1 D20's with 6 modifier. 
Awakened_Tree rolled 18 to hit Knight. They make contact! 
Rolling 3 D6's with 4 modifier. 
They dealt 15 damage. 
Round 2. 
Knight's turn. 
Knight makes attack number 1. 
Rolling 1 D20's with 5 modifier. 
Knight rolled 15 to hit Awakened_Tree. They make contact! 
Rolling 2 D6's with 3 modifier. 
They dealt 10 damage. 
Knight makes attack number 2. 
Rolling 1 D20's with 5 modifier. 
Knight rolled 20 to hit Awakened_Tree. They make contact! 
Rolling 2 D6's with 3 modifier. 
They dealt 10 damage. 
Round 2. 
Awakened_Tree's turn. 
Awakened_Tree makes attack number 1. 
Rolling 1 D20's with 6 modifier. 
Awakened_Tree rolled 20 to hit Knight. They make contact! 
Rolling 3 D6's with 4 modifier. 
They dealt 13 damage. 
Round 3. 
Knight's turn. 
Knight makes attack number 1. 
Rolling 1 D20's with 5 modifier. 
Knight rolled 11 to hit Awakened_Tree. They miss. 
Knight makes attack number 2. 
Rolling 1 D20's with 5 modifier. 
Knight rolled 20 to hit Awakened_Tree. They make contact! 
Rolling 2 D6's with 3 modifier. 
They dealt 10 damage. 
Combat over.
Knight wins the fight! 
It survived with 24 HP left. 
This result took 3 rounds of combat (total of 6 turns) to approach. 
Awakened_Tree dealt a total of 28 damage across 2 attacks hit. 
Knight dealt a total of 60 damage across 5 attacks hit. 
Elapsed time is 45.680692 seconds.
