Awakened_Tree VS Knight, Set 11, Combat commence! 
ROLL FOR INITIATIVE!
Rolling 1 D20's with -2 modifier. 
Rolling 1 D20's with 0 modifier. 
Awakened_Tree won the initiative with a 15 against Knight's 9. 
Round 1. 
Awakened_Tree's turn. 
Awakened_Tree makes attack number 1. 
Rolling 1 D20's with 6 modifier. 
Awakened_Tree rolled 16 to hit Knight. They miss. 
Round 1. 
Knight's turn. 
Knight makes attack number 1. 
Rolling 1 D20's with 5 modifier. 
Knight rolled 17 to hit Awakened_Tree. They make contact! 
Rolling 2 D6's with 3 modifier. 
They dealt 10 damage. 
Knight makes attack number 2. 
Rolling 1 D20's with 5 modifier. 
Knight rolled 16 to hit Awakened_Tree. They make contact! 
Rolling 2 D6's with 3 modifier. 
They dealt 10 damage. 
Round 2. 
Awakened_Tree's turn. 
Awakened_Tree makes attack number 1. 
Rolling 1 D20's with 6 modifier. 
Awakened_Tree rolled 10 to hit Knight. They miss. 
Round 2. 
Knight's turn. 
Knight makes attack number 1. 
Rolling 1 D20's with 5 modifier. 
Knight rolled 15 to hit Awakened_Tree. They make contact! 
Rolling 2 D6's with 3 modifier. 
They dealt 11 damage. 
Knight makes attack number 2. 
Rolling 1 D20's with 5 modifier. 
Knight rolled 21 to hit Awakened_Tree. They make contact! 
Rolling 2 D6's with 3 modifier. 
They dealt 9 damage. 
Round 3. 
Awakened_Tree's turn. 
Awakened_Tree makes attack number 1. 
Rolling 1 D20's with 6 modifier. 
Natural 1, automatic miss!
Round 3. 
Knight's turn. 
Knight makes attack number 1. 
Rolling 1 D20's with 5 modifier. 
Knight rolled 17 to hit Awakened_Tree. They make contact! 
Rolling 2 D6's with 3 modifier. 
They dealt 12 damage. 
Knight makes attack number 2. 
Rolling 1 D20's with 5 modifier. 
Natural 20, automatic critical hit! Double damage dice
Rolling 4 D6's with 3 modifier. 
They dealt 19 damage. 
Combat over.
Knight wins the fight! 
It survived with 52 HP left. 
This result took 4 rounds of combat (total of 7 turns) to approach. 
Awakened_Tree dealt a total of 0 damage across 0 attacks hit. 
Knight dealt a total of 71 damage across 6 attacks hit. 
Elapsed time is 48.092237 seconds.
