Awakened_Tree VS Knight, Set 9, Combat commence! 
ROLL FOR INITIATIVE!
Rolling 1 D20's with -2 modifier. 
Rolling 1 D20's with 0 modifier. 
Awakened_Tree won the initiative with a 8 against Knight's 6. 
Round 1. 
Awakened_Tree's turn. 
Awakened_Tree makes attack number 1. 
Rolling 1 D20's with 6 modifier. 
Awakened_Tree rolled 21 to hit Knight. They make contact! 
Rolling 3 D6's with 4 modifier. 
They dealt 16 damage. 
Round 1. 
Knight's turn. 
Knight makes attack number 1. 
Rolling 1 D20's with 5 modifier. 
Knight rolled 9 to hit Awakened_Tree. They miss. 
Knight makes attack number 2. 
Rolling 1 D20's with 5 modifier. 
Knight rolled 22 to hit Awakened_Tree. They make contact! 
Rolling 2 D6's with 3 modifier. 
They dealt 9 damage. 
Round 2. 
Awakened_Tree's turn. 
Awakened_Tree makes attack number 1. 
Rolling 1 D20's with 6 modifier. 
Awakened_Tree rolled 14 to hit Knight. They miss. 
Round 2. 
Knight's turn. 
Knight makes attack number 1. 
Rolling 1 D20's with 5 modifier. 
Knight rolled 21 to hit Awakened_Tree. They make contact! 
Rolling 2 D6's with 3 modifier. 
They dealt 10 damage. 
Knight makes attack number 2. 
Rolling 1 D20's with 5 modifier. 
Knight rolled 23 to hit Awakened_Tree. They make contact! 
Rolling 2 D6's with 3 modifier. 
They dealt 9 damage. 
Round 3. 
Awakened_Tree's turn. 
Awakened_Tree makes attack number 1. 
Rolling 1 D20's with 6 modifier. 
Awakened_Tree rolled 25 to hit Knight. They make contact! 
Rolling 3 D6's with 4 modifier. 
They dealt 13 damage. 
Round 3. 
Knight's turn. 
Knight makes attack number 1. 
Rolling 1 D20's with 5 modifier. 
Knight rolled 19 to hit Awakened_Tree. They make contact! 
Rolling 2 D6's with 3 modifier. 
They dealt 11 damage. 
Knight makes attack number 2. 
Rolling 1 D20's with 5 modifier. 
Knight rolled 13 to hit Awakened_Tree. They make contact! 
Rolling 2 D6's with 3 modifier. 
They dealt 12 damage. 
Round 4. 
Awakened_Tree's turn. 
Awakened_Tree makes attack number 1. 
Rolling 1 D20's with 6 modifier. 
Natural 1, automatic miss!
Round 4. 
Knight's turn. 
Knight makes attack number 1. 
Rolling 1 D20's with 5 modifier. 
Knight rolled 8 to hit Awakened_Tree. They miss. 
Knight makes attack number 2. 
Rolling 1 D20's with 5 modifier. 
Natural 20, automatic critical hit! Double damage dice
Rolling 4 D6's with 3 modifier. 
They dealt 14 damage. 
Combat over.
Knight wins the fight! 
It survived with 23 HP left. 
This result took 5 rounds of combat (total of 9 turns) to approach. 
Awakened_Tree dealt a total of 29 damage across 2 attacks hit. 
Knight dealt a total of 65 damage across 6 attacks hit. 
Elapsed time is 60.929369 seconds.
