Awakened_Tree VS Knight, Set 10, Combat commence! 
ROLL FOR INITIATIVE!
Rolling 1 D20's with -2 modifier. 
Rolling 1 D20's with 0 modifier. 
Knight won the initiative with a 6 against Awakened_Tree's 4 . 
Round 1. 
Knight's turn. 
Knight makes attack number 1. 
Rolling 1 D20's with 5 modifier. 
Knight rolled 12 to hit Awakened_Tree. They miss. 
Knight makes attack number 2. 
Rolling 1 D20's with 5 modifier. 
Knight rolled 9 to hit Awakened_Tree. They miss. 
Round 1. 
Awakened_Tree's turn. 
Awakened_Tree makes attack number 1. 
Rolling 1 D20's with 6 modifier. 
Awakened_Tree rolled 14 to hit Knight. They miss. 
Round 2. 
Knight's turn. 
Knight makes attack number 1. 
Rolling 1 D20's with 5 modifier. 
Knight rolled 8 to hit Awakened_Tree. They miss. 
Knight makes attack number 2. 
Rolling 1 D20's with 5 modifier. 
Knight rolled 23 to hit Awakened_Tree. They make contact! 
Rolling 2 D6's with 3 modifier. 
They dealt 10 damage. 
Round 2. 
Awakened_Tree's turn. 
Awakened_Tree makes attack number 1. 
Rolling 1 D20's with 6 modifier. 
Awakened_Tree rolled 15 to hit Knight. They miss. 
Round 3. 
Knight's turn. 
Knight makes attack number 1. 
Rolling 1 D20's with 5 modifier. 
Knight rolled 7 to hit Awakened_Tree. They miss. 
Knight makes attack number 2. 
Rolling 1 D20's with 5 modifier. 
Knight rolled 13 to hit Awakened_Tree. They make contact! 
Rolling 2 D6's with 3 modifier. 
They dealt 13 damage. 
Round 3. 
Awakened_Tree's turn. 
Awakened_Tree makes attack number 1. 
Rolling 1 D20's with 6 modifier. 
Awakened_Tree rolled 17 to hit Knight. They miss. 
Round 4. 
Knight's turn. 
Knight makes attack number 1. 
Rolling 1 D20's with 5 modifier. 
Knight rolled 19 to hit Awakened_Tree. They make contact! 
Rolling 2 D6's with 3 modifier. 
They dealt 9 damage. 
Knight makes attack number 2. 
Rolling 1 D20's with 5 modifier. 
Knight rolled 12 to hit Awakened_Tree. They miss. 
Round 4. 
Awakened_Tree's turn. 
Awakened_Tree makes attack number 1. 
Rolling 1 D20's with 6 modifier. 
Awakened_Tree rolled 8 to hit Knight. They miss. 
Round 5. 
Knight's turn. 
Knight makes attack number 1. 
Rolling 1 D20's with 5 modifier. 
Knight rolled 10 to hit Awakened_Tree. They miss. 
Knight makes attack number 2. 
Rolling 1 D20's with 5 modifier. 
Knight rolled 20 to hit Awakened_Tree. They make contact! 
Rolling 2 D6's with 3 modifier. 
They dealt 13 damage. 
Round 5. 
Awakened_Tree's turn. 
Awakened_Tree makes attack number 1. 
Rolling 1 D20's with 6 modifier. 
Awakened_Tree rolled 18 to hit Knight. They make contact! 
Rolling 3 D6's with 4 modifier. 
They dealt 16 damage. 
Round 6. 
Knight's turn. 
Knight makes attack number 1. 
Rolling 1 D20's with 5 modifier. 
Knight rolled 11 to hit Awakened_Tree. They miss. 
Knight makes attack number 2. 
Rolling 1 D20's with 5 modifier. 
Knight rolled 16 to hit Awakened_Tree. They make contact! 
Rolling 2 D6's with 3 modifier. 
They dealt 14 damage. 
Combat over.
Knight wins the fight! 
It survived with 36 HP left. 
This result took 6 rounds of combat (total of 12 turns) to approach. 
Awakened_Tree dealt a total of 16 damage across 1 attacks hit. 
Knight dealt a total of 59 damage across 5 attacks hit. 
Elapsed time is 73.014339 seconds.
