Awakened_Tree VS Knight, Set 4, Combat commence! 
ROLL FOR INITIATIVE!
Rolling 1 D20's with -2 modifier. 
Rolling 1 D20's with 0 modifier. 
Knight won the initiative with a 15 against Awakened_Tree's 14 . 
Round 1. 
Knight's turn. 
Knight makes attack number 1. 
Rolling 1 D20's with 5 modifier. 
Knight rolled 21 to hit Awakened_Tree. They make contact! 
Rolling 2 D6's with 3 modifier. 
They dealt 10 damage. 
Knight makes attack number 2. 
Rolling 1 D20's with 5 modifier. 
Knight rolled 17 to hit Awakened_Tree. They make contact! 
Rolling 2 D6's with 3 modifier. 
They dealt 9 damage. 
Round 1. 
Awakened_Tree's turn. 
Awakened_Tree makes attack number 1. 
Rolling 1 D20's with 6 modifier. 
Awakened_Tree rolled 12 to hit Knight. They miss. 
Round 2. 
Knight's turn. 
Knight makes attack number 1. 
Rolling 1 D20's with 5 modifier. 
Knight rolled 15 to hit Awakened_Tree. They make contact! 
Rolling 2 D6's with 3 modifier. 
They dealt 10 damage. 
Knight makes attack number 2. 
Rolling 1 D20's with 5 modifier. 
Natural 20, automatic critical hit! Double damage dice
Rolling 4 D6's with 3 modifier. 
They dealt 14 damage. 
Round 2. 
Awakened_Tree's turn. 
Awakened_Tree makes attack number 1. 
Rolling 1 D20's with 6 modifier. 
Natural 20, automatic critical hit! Double damage dice
Rolling 6 D6's with 4 modifier. 
They dealt 25 damage. 
Round 3. 
Knight's turn. 
Knight makes attack number 1. 
Rolling 1 D20's with 5 modifier. 
Knight rolled 23 to hit Awakened_Tree. They make contact! 
Rolling 2 D6's with 3 modifier. 
They dealt 12 damage. 
Knight makes attack number 2. 
Rolling 1 D20's with 5 modifier. 
Knight rolled 9 to hit Awakened_Tree. They miss. 
Round 3. 
Awakened_Tree's turn. 
Awakened_Tree makes attack number 1. 
Rolling 1 D20's with 6 modifier. 
Awakened_Tree rolled 11 to hit Knight. They miss. 
Round 4. 
Knight's turn. 
Knight makes attack number 1. 
Rolling 1 D20's with 5 modifier. 
Knight rolled 9 to hit Awakened_Tree. They miss. 
Knight makes attack number 2. 
Rolling 1 D20's with 5 modifier. 
Knight rolled 7 to hit Awakened_Tree. They miss. 
Round 4. 
Awakened_Tree's turn. 
Awakened_Tree makes attack number 1. 
Rolling 1 D20's with 6 modifier. 
Awakened_Tree rolled 9 to hit Knight. They miss. 
Round 5. 
Knight's turn. 
Knight makes attack number 1. 
Rolling 1 D20's with 5 modifier. 
Knight rolled 18 to hit Awakened_Tree. They make contact! 
Rolling 2 D6's with 3 modifier. 
They dealt 12 damage. 
Knight makes attack number 2. 
Rolling 1 D20's with 5 modifier. 
Knight rolled 14 to hit Awakened_Tree. They make contact! 
Rolling 2 D6's with 3 modifier. 
They dealt 15 damage. 
Combat over.
Knight wins the fight! 
It survived with 27 HP left. 
This result took 5 rounds of combat (total of 10 turns) to approach. 
Awakened_Tree dealt a total of 25 damage across 1 attacks hit. 
Knight dealt a total of 82 damage across 7 attacks hit. 
Elapsed time is 66.620488 seconds.
