Awakened_Tree VS Knight, Set 3, Combat commence! 
ROLL FOR INITIATIVE!
Rolling 1 D20's with -2 modifier. 
Rolling 1 D20's with 0 modifier. 
Knight won the initiative with a 13 against Awakened_Tree's 9 . 
Round 1. 
Knight's turn. 
Knight makes attack number 1. 
Rolling 1 D20's with 5 modifier. 
Knight rolled 24 to hit Awakened_Tree. They make contact! 
Rolling 2 D6's with 3 modifier. 
They dealt 7 damage. 
Knight makes attack number 2. 
Rolling 1 D20's with 5 modifier. 
Knight rolled 22 to hit Awakened_Tree. They make contact! 
Rolling 2 D6's with 3 modifier. 
They dealt 10 damage. 
Round 1. 
Awakened_Tree's turn. 
Awakened_Tree makes attack number 1. 
Rolling 1 D20's with 6 modifier. 
Natural 20, automatic critical hit! Double damage dice
Rolling 6 D6's with 4 modifier. 
They dealt 20 damage. 
Round 2. 
Knight's turn. 
Knight makes attack number 1. 
Rolling 1 D20's with 5 modifier. 
Knight rolled 14 to hit Awakened_Tree. They make contact! 
Rolling 2 D6's with 3 modifier. 
They dealt 10 damage. 
Knight makes attack number 2. 
Rolling 1 D20's with 5 modifier. 
Knight rolled 13 to hit Awakened_Tree. They make contact! 
Rolling 2 D6's with 3 modifier. 
They dealt 13 damage. 
Round 2. 
Awakened_Tree's turn. 
Awakened_Tree makes attack number 1. 
Rolling 1 D20's with 6 modifier. 
Awakened_Tree rolled 18 to hit Knight. They make contact! 
Rolling 3 D6's with 4 modifier. 
They dealt 14 damage. 
Round 3. 
Knight's turn. 
Knight makes attack number 1. 
Rolling 1 D20's with 5 modifier. 
Knight rolled 24 to hit Awakened_Tree. They make contact! 
Rolling 2 D6's with 3 modifier. 
They dealt 8 damage. 
Knight makes attack number 2. 
Rolling 1 D20's with 5 modifier. 
Knight rolled 8 to hit Awakened_Tree. They miss. 
Round 3. 
Awakened_Tree's turn. 
Awakened_Tree makes attack number 1. 
Rolling 1 D20's with 6 modifier. 
Awakened_Tree rolled 19 to hit Knight. They make contact! 
Rolling 3 D6's with 4 modifier. 
They dealt 12 damage. 
Round 4. 
Knight's turn. 
Knight makes attack number 1. 
Rolling 1 D20's with 5 modifier. 
Knight rolled 13 to hit Awakened_Tree. They make contact! 
Rolling 2 D6's with 3 modifier. 
They dealt 10 damage. 
Knight makes attack number 2. 
Rolling 1 D20's with 5 modifier. 
Knight rolled 18 to hit Awakened_Tree. They make contact! 
Rolling 2 D6's with 3 modifier. 
They dealt 10 damage. 
Combat over.
Knight wins the fight! 
It survived with 6 HP left. 
This result took 4 rounds of combat (total of 8 turns) to approach. 
Awakened_Tree dealt a total of 46 damage across 3 attacks hit. 
Knight dealt a total of 68 damage across 7 attacks hit. 
Elapsed time is 60.150015 seconds.
