Awakened_Tree VS Knight, Set 1, Combat commence! 
ROLL FOR INITIATIVE!
Rolling 1 D20's with -2 modifier. 
Rolling 1 D20's with 0 modifier. 
Awakened_Tree won the initiative with a 10 against Knight's 7. 
Round 1. 
Awakened_Tree's turn. 
Awakened_Tree makes attack number 1. 
Rolling 1 D20's with 6 modifier. 
Awakened_Tree rolled 13 to hit Knight. They miss. 
Round 1. 
Knight's turn. 
Knight makes attack number 1. 
Rolling 1 D20's with 5 modifier. 
Knight rolled 15 to hit Awakened_Tree. They make contact! 
Rolling 2 D6's with 3 modifier. 
They dealt 9 damage. 
Knight makes attack number 2. 
Rolling 1 D20's with 5 modifier. 
Knight rolled 17 to hit Awakened_Tree. They make contact! 
Rolling 2 D6's with 3 modifier. 
They dealt 11 damage. 
Round 2. 
Awakened_Tree's turn. 
Awakened_Tree makes attack number 1. 
Rolling 1 D20's with 6 modifier. 
Awakened_Tree rolled 15 to hit Knight. They miss. 
Round 2. 
Knight's turn. 
Knight makes attack number 1. 
Rolling 1 D20's with 5 modifier. 
Knight rolled 8 to hit Awakened_Tree. They miss. 
Knight makes attack number 2. 
Rolling 1 D20's with 5 modifier. 
Natural 1, automatic miss!
Round 3. 
Awakened_Tree's turn. 
Awakened_Tree makes attack number 1. 
Rolling 1 D20's with 6 modifier. 
Awakened_Tree rolled 13 to hit Knight. They miss. 
Round 3. 
Knight's turn. 
Knight makes attack number 1. 
Rolling 1 D20's with 5 modifier. 
Knight rolled 12 to hit Awakened_Tree. They miss. 
Knight makes attack number 2. 
Rolling 1 D20's with 5 modifier. 
Knight rolled 18 to hit Awakened_Tree. They make contact! 
Rolling 2 D6's with 3 modifier. 
They dealt 15 damage. 
Round 4. 
Awakened_Tree's turn. 
Awakened_Tree makes attack number 1. 
Rolling 1 D20's with 6 modifier. 
Awakened_Tree rolled 16 to hit Knight. They miss. 
Round 4. 
Knight's turn. 
Knight makes attack number 1. 
Rolling 1 D20's with 5 modifier. 
Knight rolled 11 to hit Awakened_Tree. They miss. 
Knight makes attack number 2. 
Rolling 1 D20's with 5 modifier. 
Knight rolled 21 to hit Awakened_Tree. They make contact! 
Rolling 2 D6's with 3 modifier. 
They dealt 13 damage. 
Round 5. 
Awakened_Tree's turn. 
Awakened_Tree makes attack number 1. 
Rolling 1 D20's with 6 modifier. 
Awakened_Tree rolled 21 to hit Knight. They make contact! 
Rolling 3 D6's with 4 modifier. 
They dealt 13 damage. 
Round 5. 
Knight's turn. 
Knight makes attack number 1. 
Rolling 1 D20's with 5 modifier. 
Knight rolled 10 to hit Awakened_Tree. They miss. 
Knight makes attack number 2. 
Rolling 1 D20's with 5 modifier. 
Knight rolled 8 to hit Awakened_Tree. They miss. 
Round 6. 
Awakened_Tree's turn. 
Awakened_Tree makes attack number 1. 
Rolling 1 D20's with 6 modifier. 
Awakened_Tree rolled 23 to hit Knight. They make contact! 
Rolling 3 D6's with 4 modifier. 
They dealt 12 damage. 
Round 6. 
Knight's turn. 
Knight makes attack number 1. 
Rolling 1 D20's with 5 modifier. 
Knight rolled 23 to hit Awakened_Tree. They make contact! 
Rolling 2 D6's with 3 modifier. 
They dealt 12 damage. 
Knight makes attack number 2. 
Rolling 1 D20's with 5 modifier. 
Knight rolled 9 to hit Awakened_Tree. They miss. 
Combat over.
Knight wins the fight! 
It survived with 27 HP left. 
This result took 7 rounds of combat (total of 13 turns) to approach. 
Awakened_Tree dealt a total of 25 damage across 2 attacks hit. 
Knight dealt a total of 60 damage across 5 attacks hit. 
Elapsed time is 79.606067 seconds.
