Hill_Giant VS Flind, Set 4, Combat commence! 
ROLL FOR INITIATIVE!
Rolling 1 D20's with -1 modifier. 
Rolling 1 D20's with 0 modifier. 
Hill_Giant won the initiative with a 14 against Flind's 6. 
Round 1. 
Hill_Giant's turn. 
Hill_Giant makes attack number 1. 
Rolling 1 D20's with 8 modifier. 
Hill_Giant rolled 26 to hit Flind. They make contact! 
Rolling 3 D8's with 5 modifier. 
They dealt 20 damage. 
Hill_Giant makes attack number 2. 
Rolling 1 D20's with 8 modifier. 
Hill_Giant rolled 22 to hit Flind. They make contact! 
Rolling 3 D8's with 5 modifier. 
They dealt 22 damage. 
Round 1. 
Flind's turn. 
Flind makes attack number 1. 
Rolling 1 D20's with 9 modifier. 
Flind rolled 16 to hit Hill_Giant. They make contact! 
Rolling 1 D10's with 5 modifier. 
They dealt 10 damage. 
Flind makes attack number 2. 
Rolling 1 D20's with 9 modifier. 
Flind rolled 24 to hit Hill_Giant. They make contact! 
Rolling 1 D10's with 5 modifier. 
They dealt 14 damage. 
Flind makes attack number 3. 
Rolling 1 D20's with 9 modifier. 
Flind rolled 24 to hit Hill_Giant. They make contact! 
Rolling 1 D10's with 5 modifier. 
They dealt 6 damage. 
Round 2. 
Hill_Giant's turn. 
Hill_Giant makes attack number 1. 
Rolling 1 D20's with 8 modifier. 
Hill_Giant rolled 22 to hit Flind. They make contact! 
Rolling 3 D8's with 5 modifier. 
They dealt 15 damage. 
Hill_Giant makes attack number 2. 
Rolling 1 D20's with 8 modifier. 
Hill_Giant rolled 24 to hit Flind. They make contact! 
Rolling 3 D8's with 5 modifier. 
They dealt 14 damage. 
Round 2. 
Flind's turn. 
Flind makes attack number 1. 
Rolling 1 D20's with 9 modifier. 
Flind rolled 17 to hit Hill_Giant. They make contact! 
Rolling 1 D10's with 5 modifier. 
They dealt 11 damage. 
Flind makes attack number 2. 
Rolling 1 D20's with 9 modifier. 
Flind rolled 21 to hit Hill_Giant. They make contact! 
Rolling 1 D10's with 5 modifier. 
They dealt 10 damage. 
Flind makes attack number 3. 
Rolling 1 D20's with 9 modifier. 
Flind rolled 18 to hit Hill_Giant. They make contact! 
Rolling 1 D10's with 5 modifier. 
They dealt 11 damage. 
Round 3. 
Hill_Giant's turn. 
Hill_Giant makes attack number 1. 
Rolling 1 D20's with 8 modifier. 
Hill_Giant rolled 21 to hit Flind. They make contact! 
Rolling 3 D8's with 5 modifier. 
They dealt 23 damage. 
Hill_Giant makes attack number 2. 
Rolling 1 D20's with 8 modifier. 
Hill_Giant rolled 25 to hit Flind. They make contact! 
Rolling 3 D8's with 5 modifier. 
They dealt 10 damage. 
Round 3. 
Flind's turn. 
Flind makes attack number 1. 
Rolling 1 D20's with 9 modifier. 
Flind rolled 13 to hit Hill_Giant. They make contact! 
Rolling 1 D10's with 5 modifier. 
They dealt 9 damage. 
Flind makes attack number 2. 
Rolling 1 D20's with 9 modifier. 
Flind rolled 16 to hit Hill_Giant. They make contact! 
Rolling 1 D10's with 5 modifier. 
They dealt 6 damage. 
Flind makes attack number 3. 
Rolling 1 D20's with 9 modifier. 
Flind rolled 20 to hit Hill_Giant. They make contact! 
Rolling 1 D10's with 5 modifier. 
They dealt 7 damage. 
Round 4. 
Hill_Giant's turn. 
Hill_Giant makes attack number 1. 
Rolling 1 D20's with 8 modifier. 
Hill_Giant rolled 12 to hit Flind. They miss. 
Hill_Giant makes attack number 2. 
Rolling 1 D20's with 8 modifier. 
Hill_Giant rolled 21 to hit Flind. They make contact! 
Rolling 3 D8's with 5 modifier. 
They dealt 25 damage. 
Combat over.
Hill_Giant wins the fight! 
It survived with 21 HP left. 
This result took 4 rounds of combat (total of 9 turns) to approach. 
Hill_Giant dealt a total of 129 damage across 7 attacks hit. 
Flind dealt a total of 84 damage across 9 attacks hit. 
Elapsed time is 80.778761 seconds.
