Hill_Giant VS Flind, Set 8, Combat commence! 
ROLL FOR INITIATIVE!
Rolling 1 D20's with -1 modifier. 
Rolling 1 D20's with 0 modifier. 
Flind won the initiative with a 14 against Hill_Giant's 0 . 
Round 1. 
Flind's turn. 
Flind makes attack number 1. 
Rolling 1 D20's with 9 modifier. 
Flind rolled 23 to hit Hill_Giant. They make contact! 
Rolling 1 D10's with 5 modifier. 
They dealt 12 damage. 
Flind makes attack number 2. 
Rolling 1 D20's with 9 modifier. 
Flind rolled 20 to hit Hill_Giant. They make contact! 
Rolling 1 D10's with 5 modifier. 
They dealt 8 damage. 
Flind makes attack number 3. 
Rolling 1 D20's with 9 modifier. 
Flind rolled 25 to hit Hill_Giant. They make contact! 
Rolling 1 D10's with 5 modifier. 
They dealt 8 damage. 
Round 1. 
Hill_Giant's turn. 
Hill_Giant makes attack number 1. 
Rolling 1 D20's with 8 modifier. 
Hill_Giant rolled 16 to hit Flind. They make contact! 
Rolling 3 D8's with 5 modifier. 
They dealt 23 damage. 
Hill_Giant makes attack number 2. 
Rolling 1 D20's with 8 modifier. 
Hill_Giant rolled 15 to hit Flind. They miss. 
Round 2. 
Flind's turn. 
Flind makes attack number 1. 
Rolling 1 D20's with 9 modifier. 
Flind rolled 22 to hit Hill_Giant. They make contact! 
Rolling 1 D10's with 5 modifier. 
They dealt 14 damage. 
Flind makes attack number 2. 
Rolling 1 D20's with 9 modifier. 
Flind rolled 27 to hit Hill_Giant. They make contact! 
Rolling 1 D10's with 5 modifier. 
They dealt 11 damage. 
Flind makes attack number 3. 
Rolling 1 D20's with 9 modifier. 
Flind rolled 16 to hit Hill_Giant. They make contact! 
Rolling 1 D10's with 5 modifier. 
They dealt 14 damage. 
Round 2. 
Hill_Giant's turn. 
Hill_Giant makes attack number 1. 
Rolling 1 D20's with 8 modifier. 
Hill_Giant rolled 17 to hit Flind. They make contact! 
Rolling 3 D8's with 5 modifier. 
They dealt 18 damage. 
Hill_Giant makes attack number 2. 
Rolling 1 D20's with 8 modifier. 
Hill_Giant rolled 23 to hit Flind. They make contact! 
Rolling 3 D8's with 5 modifier. 
They dealt 12 damage. 
Round 3. 
Flind's turn. 
Flind makes attack number 1. 
Rolling 1 D20's with 9 modifier. 
Flind rolled 16 to hit Hill_Giant. They make contact! 
Rolling 1 D10's with 5 modifier. 
They dealt 10 damage. 
Flind makes attack number 2. 
Rolling 1 D20's with 9 modifier. 
Flind rolled 20 to hit Hill_Giant. They make contact! 
Rolling 1 D10's with 5 modifier. 
They dealt 6 damage. 
Flind makes attack number 3. 
Rolling 1 D20's with 9 modifier. 
Flind rolled 21 to hit Hill_Giant. They make contact! 
Rolling 1 D10's with 5 modifier. 
They dealt 8 damage. 
Round 3. 
Hill_Giant's turn. 
Hill_Giant makes attack number 1. 
Rolling 1 D20's with 8 modifier. 
Hill_Giant rolled 14 to hit Flind. They miss. 
Hill_Giant makes attack number 2. 
Rolling 1 D20's with 8 modifier. 
Hill_Giant rolled 14 to hit Flind. They miss. 
Round 4. 
Flind's turn. 
Flind makes attack number 1. 
Rolling 1 D20's with 9 modifier. 
Flind rolled 13 to hit Hill_Giant. They make contact! 
Rolling 1 D10's with 5 modifier. 
They dealt 15 damage. 
Flind makes attack number 2. 
Rolling 1 D20's with 9 modifier. 
Flind rolled 28 to hit Hill_Giant. They make contact! 
Rolling 1 D10's with 5 modifier. 
They dealt 13 damage. 
Flind makes attack number 3. 
Rolling 1 D20's with 9 modifier. 
Flind rolled 24 to hit Hill_Giant. They make contact! 
Rolling 1 D10's with 5 modifier. 
They dealt 8 damage. 
Combat over.
Flind wins the fight! 
It survived with 74 HP left. 
This result took 4 rounds of combat (total of 9 turns) to approach. 
Hill_Giant dealt a total of 53 damage across 3 attacks hit. 
Flind dealt a total of 127 damage across 12 attacks hit. 
Elapsed time is 80.644057 seconds.
