Hill_Giant VS Flind, Set 10, Combat commence! 
ROLL FOR INITIATIVE!
Rolling 1 D20's with -1 modifier. 
Rolling 1 D20's with 0 modifier. 
Hill_Giant and Flind tied for initiative at 8, but Flind won because they have the higher initiative modifier of 0 against Hill_Giant's -1. 
Round 1. 
Flind's turn. 
Flind makes attack number 1. 
Rolling 1 D20's with 9 modifier. 
Flind rolled 12 to hit Hill_Giant. They miss. 
Flind makes attack number 2. 
Rolling 1 D20's with 9 modifier. 
Flind rolled 18 to hit Hill_Giant. They make contact! 
Rolling 1 D10's with 5 modifier. 
They dealt 7 damage. 
Flind makes attack number 3. 
Rolling 1 D20's with 9 modifier. 
Flind rolled 22 to hit Hill_Giant. They make contact! 
Rolling 1 D10's with 5 modifier. 
They dealt 6 damage. 
Round 1. 
Hill_Giant's turn. 
Hill_Giant makes attack number 1. 
Rolling 1 D20's with 8 modifier. 
Hill_Giant rolled 20 to hit Flind. They make contact! 
Rolling 3 D8's with 5 modifier. 
They dealt 19 damage. 
Hill_Giant makes attack number 2. 
Rolling 1 D20's with 8 modifier. 
Hill_Giant rolled 20 to hit Flind. They make contact! 
Rolling 3 D8's with 5 modifier. 
They dealt 15 damage. 
Round 2. 
Flind's turn. 
Flind makes attack number 1. 
Rolling 1 D20's with 9 modifier. 
Flind rolled 14 to hit Hill_Giant. They make contact! 
Rolling 1 D10's with 5 modifier. 
They dealt 14 damage. 
Flind makes attack number 2. 
Rolling 1 D20's with 9 modifier. 
Flind rolled 28 to hit Hill_Giant. They make contact! 
Rolling 1 D10's with 5 modifier. 
They dealt 14 damage. 
Flind makes attack number 3. 
Rolling 1 D20's with 9 modifier. 
Flind rolled 20 to hit Hill_Giant. They make contact! 
Rolling 1 D10's with 5 modifier. 
They dealt 9 damage. 
Round 2. 
Hill_Giant's turn. 
Hill_Giant makes attack number 1. 
Rolling 1 D20's with 8 modifier. 
Hill_Giant rolled 23 to hit Flind. They make contact! 
Rolling 3 D8's with 5 modifier. 
They dealt 21 damage. 
Hill_Giant makes attack number 2. 
Rolling 1 D20's with 8 modifier. 
Hill_Giant rolled 20 to hit Flind. They make contact! 
Rolling 3 D8's with 5 modifier. 
They dealt 12 damage. 
Round 3. 
Flind's turn. 
Flind makes attack number 1. 
Rolling 1 D20's with 9 modifier. 
Flind rolled 26 to hit Hill_Giant. They make contact! 
Rolling 1 D10's with 5 modifier. 
They dealt 14 damage. 
Flind makes attack number 2. 
Rolling 1 D20's with 9 modifier. 
Flind rolled 23 to hit Hill_Giant. They make contact! 
Rolling 1 D10's with 5 modifier. 
They dealt 13 damage. 
Flind makes attack number 3. 
Rolling 1 D20's with 9 modifier. 
Flind rolled 14 to hit Hill_Giant. They make contact! 
Rolling 1 D10's with 5 modifier. 
They dealt 11 damage. 
Round 3. 
Hill_Giant's turn. 
Hill_Giant makes attack number 1. 
Rolling 1 D20's with 8 modifier. 
Hill_Giant rolled 24 to hit Flind. They make contact! 
Rolling 3 D8's with 5 modifier. 
They dealt 19 damage. 
Hill_Giant makes attack number 2. 
Rolling 1 D20's with 8 modifier. 
Hill_Giant rolled 15 to hit Flind. They miss. 
Round 4. 
Flind's turn. 
Flind makes attack number 1. 
Rolling 1 D20's with 9 modifier. 
Flind rolled 20 to hit Hill_Giant. They make contact! 
Rolling 1 D10's with 5 modifier. 
They dealt 7 damage. 
Flind makes attack number 2. 
Rolling 1 D20's with 9 modifier. 
Flind rolled 24 to hit Hill_Giant. They make contact! 
Rolling 1 D10's with 5 modifier. 
They dealt 11 damage. 
Flind makes attack number 3. 
Rolling 1 D20's with 9 modifier. 
Flind rolled 20 to hit Hill_Giant. They make contact! 
Rolling 1 D10's with 5 modifier. 
They dealt 13 damage. 
Combat over.
Flind wins the fight! 
It survived with 41 HP left. 
This result took 4 rounds of combat (total of 9 turns) to approach. 
Hill_Giant dealt a total of 86 damage across 5 attacks hit. 
Flind dealt a total of 119 damage across 11 attacks hit. 
Elapsed time is 82.226515 seconds.
