Hill_Giant VS Flind, Set 3, Combat commence! 
ROLL FOR INITIATIVE!
Rolling 1 D20's with -1 modifier. 
Rolling 1 D20's with 0 modifier. 
Flind won the initiative with a 13 against Hill_Giant's 8 . 
Round 1. 
Flind's turn. 
Flind makes attack number 1. 
Rolling 1 D20's with 9 modifier. 
Flind rolled 20 to hit Hill_Giant. They make contact! 
Rolling 1 D10's with 5 modifier. 
They dealt 9 damage. 
Flind makes attack number 2. 
Rolling 1 D20's with 9 modifier. 
Flind rolled 28 to hit Hill_Giant. They make contact! 
Rolling 1 D10's with 5 modifier. 
They dealt 13 damage. 
Flind makes attack number 3. 
Rolling 1 D20's with 9 modifier. 
Flind rolled 26 to hit Hill_Giant. They make contact! 
Rolling 1 D10's with 5 modifier. 
They dealt 9 damage. 
Round 1. 
Hill_Giant's turn. 
Hill_Giant makes attack number 1. 
Rolling 1 D20's with 8 modifier. 
Hill_Giant rolled 20 to hit Flind. They make contact! 
Rolling 3 D8's with 5 modifier. 
They dealt 26 damage. 
Hill_Giant makes attack number 2. 
Rolling 1 D20's with 8 modifier. 
Hill_Giant rolled 13 to hit Flind. They miss. 
Round 2. 
Flind's turn. 
Flind makes attack number 1. 
Rolling 1 D20's with 9 modifier. 
Flind rolled 22 to hit Hill_Giant. They make contact! 
Rolling 1 D10's with 5 modifier. 
They dealt 7 damage. 
Flind makes attack number 2. 
Rolling 1 D20's with 9 modifier. 
Flind rolled 18 to hit Hill_Giant. They make contact! 
Rolling 1 D10's with 5 modifier. 
They dealt 12 damage. 
Flind makes attack number 3. 
Rolling 1 D20's with 9 modifier. 
Flind rolled 28 to hit Hill_Giant. They make contact! 
Rolling 1 D10's with 5 modifier. 
They dealt 13 damage. 
Round 2. 
Hill_Giant's turn. 
Hill_Giant makes attack number 1. 
Rolling 1 D20's with 8 modifier. 
Hill_Giant rolled 18 to hit Flind. They make contact! 
Rolling 3 D8's with 5 modifier. 
They dealt 23 damage. 
Hill_Giant makes attack number 2. 
Rolling 1 D20's with 8 modifier. 
Natural 20, automatic critical hit! Double damage dice
Rolling 6 D8's with 5 modifier. 
They dealt 36 damage. 
Round 3. 
Flind's turn. 
Flind makes attack number 1. 
Rolling 1 D20's with 9 modifier. 
Flind rolled 27 to hit Hill_Giant. They make contact! 
Rolling 1 D10's with 5 modifier. 
They dealt 11 damage. 
Flind makes attack number 2. 
Rolling 1 D20's with 9 modifier. 
Flind rolled 21 to hit Hill_Giant. They make contact! 
Rolling 1 D10's with 5 modifier. 
They dealt 7 damage. 
Flind makes attack number 3. 
Rolling 1 D20's with 9 modifier. 
Flind rolled 27 to hit Hill_Giant. They make contact! 
Rolling 1 D10's with 5 modifier. 
They dealt 10 damage. 
Round 3. 
Hill_Giant's turn. 
Hill_Giant makes attack number 1. 
Rolling 1 D20's with 8 modifier. 
Hill_Giant rolled 13 to hit Flind. They miss. 
Hill_Giant makes attack number 2. 
Rolling 1 D20's with 8 modifier. 
Hill_Giant rolled 26 to hit Flind. They make contact! 
Rolling 3 D8's with 5 modifier. 
They dealt 21 damage. 
Round 4. 
Flind's turn. 
Flind makes attack number 1. 
Rolling 1 D20's with 9 modifier. 
Flind rolled 23 to hit Hill_Giant. They make contact! 
Rolling 1 D10's with 5 modifier. 
They dealt 12 damage. 
Flind makes attack number 2. 
Rolling 1 D20's with 9 modifier. 
Flind rolled 12 to hit Hill_Giant. They miss. 
Flind makes attack number 3. 
Rolling 1 D20's with 9 modifier. 
Flind rolled 18 to hit Hill_Giant. They make contact! 
Rolling 1 D10's with 5 modifier. 
They dealt 8 damage. 
Combat over.
Flind wins the fight! 
It survived with 21 HP left. 
This result took 4 rounds of combat (total of 9 turns) to approach. 
Hill_Giant dealt a total of 106 damage across 4 attacks hit. 
Flind dealt a total of 111 damage across 11 attacks hit. 
Elapsed time is 80.840105 seconds.
