Hill_Giant VS Flind, Set 9, Combat commence! 
ROLL FOR INITIATIVE!
Rolling 1 D20's with -1 modifier. 
Rolling 1 D20's with 0 modifier. 
Hill_Giant won the initiative with a 7 against Flind's 5. 
Round 1. 
Hill_Giant's turn. 
Hill_Giant makes attack number 1. 
Rolling 1 D20's with 8 modifier. 
Natural 1, automatic miss!
Hill_Giant makes attack number 2. 
Rolling 1 D20's with 8 modifier. 
Hill_Giant rolled 15 to hit Flind. They miss. 
Round 1. 
Flind's turn. 
Flind makes attack number 1. 
Rolling 1 D20's with 9 modifier. 
Flind rolled 23 to hit Hill_Giant. They make contact! 
Rolling 1 D10's with 5 modifier. 
They dealt 12 damage. 
Flind makes attack number 2. 
Rolling 1 D20's with 9 modifier. 
Flind rolled 20 to hit Hill_Giant. They make contact! 
Rolling 1 D10's with 5 modifier. 
They dealt 10 damage. 
Flind makes attack number 3. 
Rolling 1 D20's with 9 modifier. 
Flind rolled 15 to hit Hill_Giant. They make contact! 
Rolling 1 D10's with 5 modifier. 
They dealt 11 damage. 
Round 2. 
Hill_Giant's turn. 
Hill_Giant makes attack number 1. 
Rolling 1 D20's with 8 modifier. 
Hill_Giant rolled 23 to hit Flind. They make contact! 
Rolling 3 D8's with 5 modifier. 
They dealt 22 damage. 
Hill_Giant makes attack number 2. 
Rolling 1 D20's with 8 modifier. 
Hill_Giant rolled 21 to hit Flind. They make contact! 
Rolling 3 D8's with 5 modifier. 
They dealt 15 damage. 
Round 2. 
Flind's turn. 
Flind makes attack number 1. 
Rolling 1 D20's with 9 modifier. 
Flind rolled 12 to hit Hill_Giant. They miss. 
Flind makes attack number 2. 
Rolling 1 D20's with 9 modifier. 
Flind rolled 13 to hit Hill_Giant. They make contact! 
Rolling 1 D10's with 5 modifier. 
They dealt 8 damage. 
Flind makes attack number 3. 
Rolling 1 D20's with 9 modifier. 
Flind rolled 23 to hit Hill_Giant. They make contact! 
Rolling 1 D10's with 5 modifier. 
They dealt 10 damage. 
Round 3. 
Hill_Giant's turn. 
Hill_Giant makes attack number 1. 
Rolling 1 D20's with 8 modifier. 
Hill_Giant rolled 22 to hit Flind. They make contact! 
Rolling 3 D8's with 5 modifier. 
They dealt 14 damage. 
Hill_Giant makes attack number 2. 
Rolling 1 D20's with 8 modifier. 
Hill_Giant rolled 14 to hit Flind. They miss. 
Round 3. 
Flind's turn. 
Flind makes attack number 1. 
Rolling 1 D20's with 9 modifier. 
Flind rolled 28 to hit Hill_Giant. They make contact! 
Rolling 1 D10's with 5 modifier. 
They dealt 14 damage. 
Flind makes attack number 2. 
Rolling 1 D20's with 9 modifier. 
Flind rolled 17 to hit Hill_Giant. They make contact! 
Rolling 1 D10's with 5 modifier. 
They dealt 6 damage. 
Flind makes attack number 3. 
Rolling 1 D20's with 9 modifier. 
Flind rolled 23 to hit Hill_Giant. They make contact! 
Rolling 1 D10's with 5 modifier. 
They dealt 14 damage. 
Round 4. 
Hill_Giant's turn. 
Hill_Giant makes attack number 1. 
Rolling 1 D20's with 8 modifier. 
Hill_Giant rolled 27 to hit Flind. They make contact! 
Rolling 3 D8's with 5 modifier. 
They dealt 15 damage. 
Hill_Giant makes attack number 2. 
Rolling 1 D20's with 8 modifier. 
Hill_Giant rolled 22 to hit Flind. They make contact! 
Rolling 3 D8's with 5 modifier. 
They dealt 23 damage. 
Round 4. 
Flind's turn. 
Flind makes attack number 1. 
Rolling 1 D20's with 9 modifier. 
Flind rolled 17 to hit Hill_Giant. They make contact! 
Rolling 1 D10's with 5 modifier. 
They dealt 11 damage. 
Flind makes attack number 2. 
Rolling 1 D20's with 9 modifier. 
Flind rolled 12 to hit Hill_Giant. They miss. 
Flind makes attack number 3. 
Rolling 1 D20's with 9 modifier. 
Flind rolled 11 to hit Hill_Giant. They miss. 
Round 5. 
Hill_Giant's turn. 
Hill_Giant makes attack number 1. 
Rolling 1 D20's with 8 modifier. 
Natural 20, automatic critical hit! Double damage dice
Rolling 6 D8's with 5 modifier. 
They dealt 28 damage. 
Hill_Giant makes attack number 2. 
Rolling 1 D20's with 8 modifier. 
Hill_Giant rolled 27 to hit Flind. They make contact! 
Rolling 3 D8's with 5 modifier. 
They dealt 14 damage. 
Combat over.
Hill_Giant wins the fight! 
It survived with 9 HP left. 
This result took 5 rounds of combat (total of 11 turns) to approach. 
Hill_Giant dealt a total of 131 damage across 7 attacks hit. 
Flind dealt a total of 96 damage across 9 attacks hit. 
Elapsed time is 94.325035 seconds.
