Hill_Giant VS Flind, Set 2, Combat commence! 
ROLL FOR INITIATIVE!
Rolling 1 D20's with -1 modifier. 
Rolling 1 D20's with 0 modifier. 
Hill_Giant won the initiative with a 17 against Flind's 2. 
Round 1. 
Hill_Giant's turn. 
Hill_Giant makes attack number 1. 
Rolling 1 D20's with 8 modifier. 
Hill_Giant rolled 15 to hit Flind. They miss. 
Hill_Giant makes attack number 2. 
Rolling 1 D20's with 8 modifier. 
Hill_Giant rolled 10 to hit Flind. They miss. 
Round 1. 
Flind's turn. 
Flind makes attack number 1. 
Rolling 1 D20's with 9 modifier. 
Flind rolled 14 to hit Hill_Giant. They make contact! 
Rolling 1 D10's with 5 modifier. 
They dealt 12 damage. 
Flind makes attack number 2. 
Rolling 1 D20's with 9 modifier. 
Flind rolled 24 to hit Hill_Giant. They make contact! 
Rolling 1 D10's with 5 modifier. 
They dealt 14 damage. 
Flind makes attack number 3. 
Rolling 1 D20's with 9 modifier. 
Flind rolled 21 to hit Hill_Giant. They make contact! 
Rolling 1 D10's with 5 modifier. 
They dealt 7 damage. 
Round 2. 
Hill_Giant's turn. 
Hill_Giant makes attack number 1. 
Rolling 1 D20's with 8 modifier. 
Hill_Giant rolled 27 to hit Flind. They make contact! 
Rolling 3 D8's with 5 modifier. 
They dealt 20 damage. 
Hill_Giant makes attack number 2. 
Rolling 1 D20's with 8 modifier. 
Natural 20, automatic critical hit! Double damage dice
Rolling 6 D8's with 5 modifier. 
They dealt 34 damage. 
Round 2. 
Flind's turn. 
Flind makes attack number 1. 
Rolling 1 D20's with 9 modifier. 
Flind rolled 24 to hit Hill_Giant. They make contact! 
Rolling 1 D10's with 5 modifier. 
They dealt 11 damage. 
Flind makes attack number 2. 
Rolling 1 D20's with 9 modifier. 
Flind rolled 22 to hit Hill_Giant. They make contact! 
Rolling 1 D10's with 5 modifier. 
They dealt 9 damage. 
Flind makes attack number 3. 
Rolling 1 D20's with 9 modifier. 
Flind rolled 13 to hit Hill_Giant. They make contact! 
Rolling 1 D10's with 5 modifier. 
They dealt 10 damage. 
Round 3. 
Hill_Giant's turn. 
Hill_Giant makes attack number 1. 
Rolling 1 D20's with 8 modifier. 
Hill_Giant rolled 16 to hit Flind. They make contact! 
Rolling 3 D8's with 5 modifier. 
They dealt 24 damage. 
Hill_Giant makes attack number 2. 
Rolling 1 D20's with 8 modifier. 
Hill_Giant rolled 12 to hit Flind. They miss. 
Round 3. 
Flind's turn. 
Flind makes attack number 1. 
Rolling 1 D20's with 9 modifier. 
Natural 1, automatic miss!
Flind makes attack number 2. 
Rolling 1 D20's with 9 modifier. 
Flind rolled 21 to hit Hill_Giant. They make contact! 
Rolling 1 D10's with 5 modifier. 
They dealt 9 damage. 
Flind makes attack number 3. 
Rolling 1 D20's with 9 modifier. 
Flind rolled 28 to hit Hill_Giant. They make contact! 
Rolling 1 D10's with 5 modifier. 
They dealt 15 damage. 
Round 4. 
Hill_Giant's turn. 
Hill_Giant makes attack number 1. 
Rolling 1 D20's with 8 modifier. 
Hill_Giant rolled 14 to hit Flind. They miss. 
Hill_Giant makes attack number 2. 
Rolling 1 D20's with 8 modifier. 
Hill_Giant rolled 24 to hit Flind. They make contact! 
Rolling 3 D8's with 5 modifier. 
They dealt 24 damage. 
Round 4. 
Flind's turn. 
Flind makes attack number 1. 
Rolling 1 D20's with 9 modifier. 
Flind rolled 28 to hit Hill_Giant. They make contact! 
Rolling 1 D10's with 5 modifier. 
They dealt 11 damage. 
Flind makes attack number 2. 
Rolling 1 D20's with 9 modifier. 
Flind rolled 24 to hit Hill_Giant. They make contact! 
Rolling 1 D10's with 5 modifier. 
They dealt 11 damage. 
Flind makes attack number 3. 
Rolling 1 D20's with 9 modifier. 
Natural 1, automatic miss!
Combat over.
Flind wins the fight! 
It survived with 25 HP left. 
This result took 5 rounds of combat (total of 10 turns) to approach. 
Hill_Giant dealt a total of 102 damage across 4 attacks hit. 
Flind dealt a total of 109 damage across 10 attacks hit. 
Elapsed time is 85.260349 seconds.
