ZOMBIE VS APE, Set 1, Combat commence! 
ROLL FOR INITIATIVE!
Rolling 1 D20's with -2 modifier. 
Rolling 1 D20's with 2 modifier. 
APE won the initiative with a 20 against ZOMBIE's 14. 
Round 1. 
APE's turn. 
APE makes attack number 1. 
Rolling 1 D20's with 5 modifier. 
APE rolled 8 to hit ZOMBIE. They make contact! 
Rolling 1 D6's with 3 modifier. 
They dealt 9 damage. 
APE makes attack number 2. 
Rolling 1 D20's with 5 modifier. 
APE rolled 18 to hit ZOMBIE. They make contact! 
Rolling 1 D6's with 3 modifier. 
They dealt 4 damage. 
Round 1. 
ZOMBIE's turn. 
ZOMBIE makes attack number 1. 
Rolling 1 D20's with 3 modifier. 
ZOMBIE rolled 9 to hit APE. They miss. 
Round 2. 
APE's turn. 
APE makes attack number 1. 
Rolling 1 D20's with 5 modifier. 
APE rolled 16 to hit ZOMBIE. They make contact! 
Rolling 1 D6's with 3 modifier. 
They dealt 9 damage. 
APE makes attack number 2. 
Rolling 1 D20's with 5 modifier. 
APE rolled 24 to hit ZOMBIE. They make contact! 
Rolling 1 D6's with 3 modifier. 
They dealt 5 damage. 
Combat over.
APE wins the fight! 
It survived with 19 HP left. 
This result took 2 rounds of combat (total of 3 turns) to approach. 
ZOMBIE dealt a total of 0 damage across 0 attacks hit. 
APE dealt a total of 27 damage across 4 attacks hit. 
Elapsed time is 34.790613 seconds.
